<?xml version="1.0" encoding="UTF-8"?>
<testsuite name="com.thang.Angular2ApplicationTests" tests="1" skipped="0" failures="0" errors="0" timestamp="2016-04-27T01:21:09" hostname="thangnguyen-HP-Z230-Tower-Workstation" time="0.0">
  <properties/>
  <testcase name="contextLoads" classname="com.thang.Angular2ApplicationTests" time="0.0"/>
  <system-out><![CDATA[11:21:08.647 [Test worker] DEBUG o.s.t.c.j.SpringJUnit4ClassRunner - SpringJUnit4ClassRunner constructor called with [class com.thang.Angular2ApplicationTests]
11:21:08.649 [Test worker] DEBUG o.s.test.context.BootstrapUtils - Instantiating CacheAwareContextLoaderDelegate from class [org.springframework.test.context.cache.DefaultCacheAwareContextLoaderDelegate]
11:21:08.652 [Test worker] DEBUG o.s.test.context.BootstrapUtils - Instantiating BootstrapContext using constructor [public org.springframework.test.context.support.DefaultBootstrapContext(java.lang.Class,org.springframework.test.context.CacheAwareContextLoaderDelegate)]
11:21:08.656 [Test worker] DEBUG o.s.test.context.BootstrapUtils - Instantiating TestContextBootstrapper for test class [com.thang.Angular2ApplicationTests] from class [org.springframework.test.context.support.DefaultTestContextBootstrapper]
11:21:08.668 [Test worker] DEBUG o.s.t.c.s.DefaultTestContextBootstrapper - Found explicit ContextLoader class [org.springframework.boot.test.SpringApplicationContextLoader] for context configuration attributes [ContextConfigurationAttributes@51d51b7d declaringClass = 'com.thang.Angular2ApplicationTests', classes = '{class com.thang.Angular2Application}', locations = '{}', inheritLocations = true, initializers = '{}', inheritInitializers = true, name = [null], contextLoaderClass = 'org.springframework.boot.test.SpringApplicationContextLoader']
11:21:08.671 [Test worker] DEBUG o.s.t.c.s.AbstractContextLoader - Did not detect default resource location for test class [com.thang.Angular2ApplicationTests]: class path resource [com/thang/Angular2ApplicationTests-context.xml] does not exist
11:21:08.672 [Test worker] DEBUG o.s.t.c.s.AbstractContextLoader - Did not detect default resource location for test class [com.thang.Angular2ApplicationTests]: class path resource [com/thang/Angular2ApplicationTestsContext.groovy] does not exist
11:21:08.672 [Test worker] INFO  o.s.t.c.s.AbstractContextLoader - Could not detect default resource locations for test class [com.thang.Angular2ApplicationTests]: no resource found for suffixes {-context.xml, Context.groovy}.
11:21:08.673 [Test worker] DEBUG o.s.t.c.support.ActiveProfilesUtils - Could not find an 'annotation declaring class' for annotation type [org.springframework.test.context.ActiveProfiles] and class [com.thang.Angular2ApplicationTests]
11:21:08.675 [Test worker] DEBUG o.s.t.c.s.DefaultTestContextBootstrapper - @TestExecutionListeners is not present for class [com.thang.Angular2ApplicationTests]: using defaults.
11:21:08.679 [Test worker] INFO  o.s.t.c.s.DefaultTestContextBootstrapper - Loaded default TestExecutionListener class names from location [META-INF/spring.factories]: [org.springframework.test.context.web.ServletTestExecutionListener, org.springframework.test.context.support.DirtiesContextBeforeModesTestExecutionListener, org.springframework.test.context.support.DependencyInjectionTestExecutionListener, org.springframework.test.context.support.DirtiesContextTestExecutionListener, org.springframework.test.context.transaction.TransactionalTestExecutionListener, org.springframework.test.context.jdbc.SqlScriptsTestExecutionListener]
11:21:08.683 [Test worker] INFO  o.s.t.c.s.DefaultTestContextBootstrapper - Could not instantiate TestExecutionListener [org.springframework.test.context.transaction.TransactionalTestExecutionListener]. Specify custom listener classes or make the default listener classes (and their required dependencies) available. Offending class: [org/springframework/transaction/TransactionDefinition]
11:21:08.683 [Test worker] INFO  o.s.t.c.s.DefaultTestContextBootstrapper - Could not instantiate TestExecutionListener [org.springframework.test.context.jdbc.SqlScriptsTestExecutionListener]. Specify custom listener classes or make the default listener classes (and their required dependencies) available. Offending class: [org/springframework/transaction/interceptor/TransactionAttribute]
11:21:08.684 [Test worker] INFO  o.s.t.c.s.DefaultTestContextBootstrapper - Using TestExecutionListeners: [org.springframework.test.context.web.ServletTestExecutionListener@4916ae8c, org.springframework.test.context.support.DirtiesContextBeforeModesTestExecutionListener@6eae18ef, org.springframework.test.context.support.DependencyInjectionTestExecutionListener@3e3e6cf5, org.springframework.test.context.support.DirtiesContextTestExecutionListener@520f4243]
11:21:08.686 [Test worker] DEBUG o.s.t.annotation.ProfileValueUtils - Retrieved @ProfileValueSourceConfiguration [null] for test class [com.thang.Angular2ApplicationTests]
11:21:08.686 [Test worker] DEBUG o.s.t.annotation.ProfileValueUtils - Retrieved ProfileValueSource type [class org.springframework.test.annotation.SystemProfileValueSource] for class [com.thang.Angular2ApplicationTests]
11:21:08.687 [Test worker] DEBUG o.s.t.annotation.ProfileValueUtils - Retrieved @ProfileValueSourceConfiguration [null] for test class [com.thang.Angular2ApplicationTests]
11:21:08.687 [Test worker] DEBUG o.s.t.annotation.ProfileValueUtils - Retrieved ProfileValueSource type [class org.springframework.test.annotation.SystemProfileValueSource] for class [com.thang.Angular2ApplicationTests]
11:21:08.689 [Test worker] DEBUG o.s.t.c.s.AbstractDirtiesContextTestExecutionListener - Before test class: context [DefaultTestContext@3ca3e852 testClass = Angular2ApplicationTests, testInstance = [null], testMethod = [null], testException = [null], mergedContextConfiguration = [MergedContextConfiguration@6dfa4fc6 testClass = Angular2ApplicationTests, locations = '{}', classes = '{class com.thang.Angular2Application}', contextInitializerClasses = '[]', activeProfiles = '{}', propertySourceLocations = '{}', propertySourceProperties = '{}', contextLoader = 'org.springframework.boot.test.SpringApplicationContextLoader', parent = [null]]], class annotated with @DirtiesContext [false] with mode [null].
11:21:08.689 [Test worker] DEBUG o.s.t.annotation.ProfileValueUtils - Retrieved @ProfileValueSourceConfiguration [null] for test class [com.thang.Angular2ApplicationTests]
11:21:08.689 [Test worker] DEBUG o.s.t.annotation.ProfileValueUtils - Retrieved ProfileValueSource type [class org.springframework.test.annotation.SystemProfileValueSource] for class [com.thang.Angular2ApplicationTests]
11:21:08.690 [Test worker] DEBUG o.s.t.c.s.DependencyInjectionTestExecutionListener - Performing dependency injection for test context [[DefaultTestContext@3ca3e852 testClass = Angular2ApplicationTests, testInstance = com.thang.Angular2ApplicationTests@783bcfec, testMethod = [null], testException = [null], mergedContextConfiguration = [MergedContextConfiguration@6dfa4fc6 testClass = Angular2ApplicationTests, locations = '{}', classes = '{class com.thang.Angular2Application}', contextInitializerClasses = '[]', activeProfiles = '{}', propertySourceLocations = '{}', propertySourceProperties = '{}', contextLoader = 'org.springframework.boot.test.SpringApplicationContextLoader', parent = [null]]]].
11:21:08.729 [Test worker] DEBUG o.s.core.env.StandardEnvironment - Adding [systemProperties] PropertySource with lowest search precedence
11:21:08.730 [Test worker] DEBUG o.s.core.env.StandardEnvironment - Adding [systemEnvironment] PropertySource with lowest search precedence
11:21:08.730 [Test worker] DEBUG o.s.core.env.StandardEnvironment - Initialized StandardEnvironment with PropertySources [systemProperties,systemEnvironment]
11:21:08.732 [Test worker] DEBUG o.s.core.env.StandardEnvironment - Adding [integrationTest] PropertySource with search precedence immediately lower than [systemEnvironment]

  .   ____          _            __ _ _
 /\\ / ___'_ __ _ _(_)_ __  __ _ \ \ \ \
( ( )\___ | '_ | '_| | '_ \/ _` | \ \ \ \
 \\/  ___)| |_)| | | | | || (_| |  ) ) ) )
  '  |____| .__|_| |_|_| |_\__, | / / / /
 =========|_|==============|___/=/_/_/_/
 :: Spring Boot ::        (v1.3.3.RELEASE)

2016-04-27 11:21:08.882  INFO 13918 --- [    Test worker] com.thang.Angular2ApplicationTests       : Starting Angular2ApplicationTests on thangnguyen-HP-Z230-Tower-Workstation with PID 13918 (/home/thangnguyen/workspace/spring-angular2/build/classes/test started by thangnguyen in /home/thangnguyen/workspace/spring-angular2)
2016-04-27 11:21:08.883  INFO 13918 --- [    Test worker] com.thang.Angular2ApplicationTests       : No active profile set, falling back to default profiles: default
2016-04-27 11:21:08.912  INFO 13918 --- [    Test worker] s.c.a.AnnotationConfigApplicationContext : Refreshing org.springframework.context.annotation.AnnotationConfigApplicationContext@249c367: startup date [Wed Apr 27 11:21:08 AEST 2016]; root of context hierarchy
2016-04-27 11:21:09.549  INFO 13918 --- [    Test worker] com.thang.Angular2ApplicationTests       : Started Angular2ApplicationTests in 0.817 seconds (JVM running for 1.229)
]]></system-out>
  <system-err><![CDATA[]]></system-err>
</testsuite>
